<?xml version="1.0" encoding="UTF-8"?>
<!-- Generated by org.testng.reporters.JUnitReportReporter -->
<testsuite skipped="0" hostname="DELL" name="com.qa.crm.tests.CreateDealsTest" tests="1" failures="0" timestamp="19 May 2018 17:51:07 GMT" time="34.176" errors="0">
  <testcase name="createNewDealsTest" time="34.176" classname="com.qa.crm.tests.CreateDealsTest"/>
</testsuite> <!-- com.qa.crm.tests.CreateDealsTest -->
