<?xml version="1.0" encoding="UTF-8"?>
<!-- Generated by org.testng.reporters.JUnitReportReporter -->
<testsuite skipped="0" hostname="DELL" name="com.qa.crm.tests.LoginPageTests" tests="1" failures="0" timestamp="17 Feb 2018 15:12:04 GMT" time="19.557" errors="0">
  <testcase name="login" time="19.557" classname="com.qa.crm.tests.LoginPageTests"/>
</testsuite> <!-- com.qa.crm.tests.LoginPageTests -->
