<?xml version="1.0" encoding="UTF-8"?>
<!-- Generated by org.testng.reporters.JUnitReportReporter -->
<testsuite skipped="0" hostname="DELL" name="com.qa.crm.tests.BrokenLinks" tests="1" failures="0" timestamp="16 Feb 2018 18:45:03 GMT" time="172.389" errors="0">
  <testcase name="validateForBrokenLinks" time="172.389" classname="com.qa.crm.tests.BrokenLinks"/>
</testsuite> <!-- com.qa.crm.tests.BrokenLinks -->
