<?xml version="1.0" encoding="UTF-8"?>
<!-- Generated by org.testng.reporters.JUnitReportReporter -->
<testsuite skipped="0" hostname="DELL" name="com.qa.crm.tests.LoginPageTests" tests="1" failures="0" timestamp="15 Feb 2018 15:32:56 GMT" time="47.223" errors="0">
  <testcase name="loginIntoCRM" time="47.223" classname="com.qa.crm.tests.LoginPageTests"/>
</testsuite> <!-- com.qa.crm.tests.LoginPageTests -->
