<?xml version="1.0" encoding="UTF-8"?>
<!-- Generated by org.testng.reporters.JUnitReportReporter -->
<testsuite skipped="0" hostname="DELL" name="com.qa.crm.tests.Practice" tests="1" failures="0" timestamp="18 May 2018 07:02:53 GMT" time="4.882" errors="0">
  <testcase name="testIt" time="4.882" classname="com.qa.crm.tests.Practice"/>
</testsuite> <!-- com.qa.crm.tests.Practice -->
