<?xml version="1.0" encoding="UTF-8"?>
<!-- Generated by org.testng.reporters.JUnitReportReporter -->
<testsuite skipped="0" hostname="DELL" name="com.qa.crm.tests.HomePageTest" tests="2" failures="0" timestamp="17 Feb 2018 15:12:05 GMT" time="41.228" errors="0">
  <testcase name="verifyHomePageUsername" time="19.714" classname="com.qa.crm.tests.HomePageTest"/>
  <testcase name="clickOnContacts" time="21.514" classname="com.qa.crm.tests.HomePageTest"/>
</testsuite> <!-- com.qa.crm.tests.HomePageTest -->
