<?xml version="1.0" encoding="UTF-8"?>
<!-- Generated by org.testng.reporters.JUnitReportReporter -->
<testsuite skipped="0" hostname="DELL" name="com.qa.crm.tests.HomePageTest" tests="2" failures="0" timestamp="15 Feb 2018 18:14:40 GMT" time="61.525" errors="0">
  <testcase name="verifyHomePageUsername" time="28.647" classname="com.qa.crm.tests.HomePageTest"/>
  <testcase name="clickOnContacts" time="32.878" classname="com.qa.crm.tests.HomePageTest"/>
</testsuite> <!-- com.qa.crm.tests.HomePageTest -->
