<?xml version="1.0" encoding="UTF-8"?>
<!-- Generated by org.testng.reporters.JUnitReportReporter -->
<testsuite skipped="0" hostname="DELL" name="com.qa.crm.tests.Frames" tests="1" failures="0" timestamp="16 Feb 2018 05:29:35 GMT" time="12.179" errors="0">
  <testcase name="test1" time="12.179" classname="com.qa.crm.tests.Frames"/>
</testsuite> <!-- com.qa.crm.tests.Frames -->
